<?xml version="1.0" encoding="UTF-8"?>
<!-- Generated by org.testng.reporters.JUnitReportReporter -->
<testsuite hostname="DESKTOP-GABGOOH" failures="0" tests="1" name="wingify.AssignmentTest" time="11.898" errors="0" timestamp="25 May 2024 06:26:15 GMT">
  <testcase classname="wingify.AssignmentTest" name="loginAndSortTransactions" time="11.898"/>
</testsuite> <!-- wingify.AssignmentTest -->
